# Preference setting overrides
gui_create_pref_key -category {Globals} -key {load_detail_for_funcov} -value_type {bool} -value {false}

# State setting overrides
gui_state_default_create -off -ini
gui_set_state_value -category Globals -key recent_databases -value {{gui_open_db -file /home/student/vrykov/CSC205/riscv/vcdplus.vpd -design V1}}
gui_set_state_value -category Layout -key child_console_size_x -value 1917
gui_set_state_value -category Layout -key child_console_size_y -value 177
gui_set_state_value -category Layout -key child_data_size_x -value 172
gui_set_state_value -category Layout -key child_data_size_y -value 802
gui_set_state_value -category Layout -key child_hier_col3 -value {-1}
gui_set_state_value -category Layout -key child_hier_colpd -value 0
gui_set_state_value -category Layout -key child_hier_size_x -value 172
gui_set_state_value -category Layout -key child_hier_size_y -value 802
gui_set_state_value -category Layout -key child_source_docknewline -value false
gui_set_state_value -category Layout -key child_source_pos_x -value {-2}
gui_set_state_value -category Layout -key child_source_pos_y -value {-15}
gui_set_state_value -category Layout -key child_source_size_x -value 1576
gui_set_state_value -category Layout -key child_source_size_y -value 797
gui_set_state_value -category Layout -key child_wave_colname -value 276
gui_set_state_value -category Layout -key child_wave_colvalue -value 276
gui_set_state_value -category Layout -key child_wave_left -value 556
gui_set_state_value -category Layout -key child_wave_right -value 1356
gui_set_state_value -category Layout -key main_pos_x -value 8
gui_set_state_value -category Layout -key main_pos_y -value 31
gui_set_state_value -category Layout -key main_size_x -value 1925
gui_set_state_value -category Layout -key main_size_y -value 1085
gui_set_state_value -category Layout -key stand_wave_child_docknewline -value false
gui_set_state_value -category Layout -key stand_wave_child_pos_x -value {-2}
gui_set_state_value -category Layout -key stand_wave_child_pos_y -value {-15}
gui_set_state_value -category Layout -key stand_wave_child_size_x -value 1922
gui_set_state_value -category Layout -key stand_wave_child_size_y -value 918
gui_set_state_value -category Layout -key stand_wave_top_pos_x -value 8
gui_set_state_value -category Layout -key stand_wave_top_pos_y -value 31
gui_set_state_value -category Layout -key stand_wave_top_size_x -value 1925
gui_set_state_value -category Layout -key stand_wave_top_size_y -value 1029
gui_create_state_key -category FindDialog -key m_pMatchCase -value_type bool -value false
gui_create_state_key -category FindDialog -key m_pMatchWord -value_type bool -value false
gui_create_state_key -category FindDialog -key m_pUseCombo -value_type string -value {}
gui_create_state_key -category FindDialog -key m_pWrapAround -value_type bool -value true
gui_state_default_create -off

# Begin command logging
gui_open_db -file /home/student/vrykov/CSC205/riscv/vcdplus.vpd -design V1
gui_open_window Wave
gui_list_add -id Wave.1 -from Source.1 { riscv_tb } -insertionbar
gui_wv_zoom_timerange -id  Wave.1 0 445
gui_list_expand -id  Hier.1   riscv_tb
gui_list_select -id Hier.1 -current_item_name riscv_tb.rv -current_item_type Scope  -selected  { riscv_tb.rv   }
gui_list_add -id Wave.1 -from Hier.1 { riscv_tb.rv } -insertionbar
gui_zoom -window Wave.1 -full
gui_list_select -id Wave.1 -selected  { {riscv_tb.rv.alures[63:0]}   }
gui_marker_move -id  Wave.1 C1 4
gui_marker_move -id  Wave.1 C1 5
gui_marker_move -id  Wave.1 C1 8
gui_marker_move -id  Wave.1 C1 12
gui_marker_move -id  Wave.1 C1 5
gui_list_expand -id  Wave.1   {riscv_tb.rv.instruction[31:0]}
gui_list_select -id Wave.1 -selected  { {riscv_tb.rv.instruction[31]}   }
gui_list_select -id Wave.1 -selected  { {riscv_tb.rv.instruction[31]}  {riscv_tb.rv.instruction[30]}  {riscv_tb.rv.instruction[29]}  {riscv_tb.rv.instruction[28]}  {riscv_tb.rv.instruction[27]}  {riscv_tb.rv.instruction[26]}  {riscv_tb.rv.instruction[25]}  {riscv_tb.rv.instruction[24]}  {riscv_tb.rv.instruction[23]}  {riscv_tb.rv.instruction[22]}   }
gui_list_select -id Wave.1 -selected  { {riscv_tb.rv.instruction[22]}   }
gui_list_select -id Wave.1 -selected  { {riscv_tb.rv.instruction[0]}   }
gui_list_select -id Wave.1 -selected  { {riscv_tb.rv.instruction[7]}  {riscv_tb.rv.instruction[6]}  {riscv_tb.rv.instruction[5]}  {riscv_tb.rv.instruction[4]}  {riscv_tb.rv.instruction[3]}  {riscv_tb.rv.instruction[2]}  {riscv_tb.rv.instruction[1]}  {riscv_tb.rv.instruction[0]}   }
gui_bus_create -name opcode {{riscv_tb.rv.instruction[7]} {riscv_tb.rv.instruction[6]} {riscv_tb.rv.instruction[5]} {riscv_tb.rv.instruction[4]} {riscv_tb.rv.instruction[3]} {riscv_tb.rv.instruction[2]} {riscv_tb.rv.instruction[1]} {riscv_tb.rv.instruction[0]}}
gui_list_add -id Wave.1 -after [gui_list_get_insertion_bar -id Wave.1] EXP:opcode -insertionbar
gui_bus_create  -update -name opcode {{riscv_tb.rv.instruction[7]} {riscv_tb.rv.instruction[6]} {riscv_tb.rv.instruction[5]} {riscv_tb.rv.instruction[4]} {riscv_tb.rv.instruction[3]} {riscv_tb.rv.instruction[2]} {riscv_tb.rv.instruction[1]} {riscv_tb.rv.instruction[0]}}
gui_list_collapse -id  Wave.1   {riscv_tb.rv.instruction[31:0]}
gui_list_select -id Wave.1 -selected  { EXP:opcode   }
gui_list_set_selected_property -id Wave.1 -radix binary
gui_list_expand -id  Wave.1   {riscv_tb.rv.instruction[31:0]}
gui_delete_selected -id  Wave.1
gui_list_select -id Wave.1 -selected  { {riscv_tb.rv.instruction[0]}   }
gui_list_select -id Wave.1 -selected  { {riscv_tb.rv.instruction[6]}  {riscv_tb.rv.instruction[5]}  {riscv_tb.rv.instruction[4]}  {riscv_tb.rv.instruction[3]}  {riscv_tb.rv.instruction[2]}  {riscv_tb.rv.instruction[1]}  {riscv_tb.rv.instruction[0]}   }
gui_bus_create  -update -name EXP:opcode {{riscv_tb.rv.instruction[7]} {riscv_tb.rv.instruction[6]} {riscv_tb.rv.instruction[5]} {riscv_tb.rv.instruction[4]} {riscv_tb.rv.instruction[3]} {riscv_tb.rv.instruction[2]} {riscv_tb.rv.instruction[1]} {riscv_tb.rv.instruction[0]}}
gui_bus_create -name opcod {{riscv_tb.rv.instruction[6]} {riscv_tb.rv.instruction[5]} {riscv_tb.rv.instruction[4]} {riscv_tb.rv.instruction[3]} {riscv_tb.rv.instruction[2]} {riscv_tb.rv.instruction[1]} {riscv_tb.rv.instruction[0]}}
gui_list_add -id Wave.1 -after [gui_list_get_insertion_bar -id Wave.1] EXP:opcod -insertionbar
gui_list_select -id Wave.1 -selected  { {riscv_tb.rv.instruction[7]}   }
gui_list_select -id Wave.1 -selected  { {riscv_tb.rv.instruction[11]}  {riscv_tb.rv.instruction[10]}  {riscv_tb.rv.instruction[9]}  {riscv_tb.rv.instruction[8]}  {riscv_tb.rv.instruction[7]}   }
gui_bus_create -name rd {{riscv_tb.rv.instruction[11]} {riscv_tb.rv.instruction[10]} {riscv_tb.rv.instruction[9]} {riscv_tb.rv.instruction[8]} {riscv_tb.rv.instruction[7]}}
gui_list_add -id Wave.1 -after [gui_list_get_insertion_bar -id Wave.1] EXP:rd -insertionbar
gui_list_select -id Wave.1 -selected  { {riscv_tb.rv.instruction[12]}   }
gui_list_select -id Wave.1 -selected  { {riscv_tb.rv.instruction[14]}  {riscv_tb.rv.instruction[13]}  {riscv_tb.rv.instruction[12]}   }
gui_bus_create -name func3 {{riscv_tb.rv.instruction[14]} {riscv_tb.rv.instruction[13]} {riscv_tb.rv.instruction[12]}}
gui_list_add -id Wave.1 -after [gui_list_get_insertion_bar -id Wave.1] EXP:func3 -insertionbar
gui_list_select -id Wave.1 -selected  { {riscv_tb.rv.instruction[15]}   }
gui_list_select -id Wave.1 -selected  { {riscv_tb.rv.instruction[19]}  {riscv_tb.rv.instruction[18]}  {riscv_tb.rv.instruction[17]}  {riscv_tb.rv.instruction[16]}  {riscv_tb.rv.instruction[15]}   }
gui_bus_create -name rs1 {{riscv_tb.rv.instruction[19]} {riscv_tb.rv.instruction[18]} {riscv_tb.rv.instruction[17]} {riscv_tb.rv.instruction[16]} {riscv_tb.rv.instruction[15]}}
gui_list_add -id Wave.1 -after [gui_list_get_insertion_bar -id Wave.1] EXP:rs1 -insertionbar
gui_list_select -id Wave.1 -selected  { {riscv_tb.rv.instruction[20]}   }
gui_list_select -id Wave.1 { {riscv_tb.rv.instruction[20]}  {riscv_tb.rv.instruction[31]}  {riscv_tb.rv.instruction[30]}  {riscv_tb.rv.instruction[29]}  {riscv_tb.rv.instruction[28]}  {riscv_tb.rv.instruction[27]}  {riscv_tb.rv.instruction[26]}  {riscv_tb.rv.instruction[25]}  {riscv_tb.rv.instruction[24]}  {riscv_tb.rv.instruction[23]}  {riscv_tb.rv.instruction[22]}  {riscv_tb.rv.instruction[21]}  {riscv_tb.rv.instruction[20]}   }
gui_bus_create -name immediate {{riscv_tb.rv.instruction[31]} {riscv_tb.rv.instruction[30]} {riscv_tb.rv.instruction[29]} {riscv_tb.rv.instruction[28]} {riscv_tb.rv.instruction[27]} {riscv_tb.rv.instruction[26]} {riscv_tb.rv.instruction[25]} {riscv_tb.rv.instruction[24]} {riscv_tb.rv.instruction[23]} {riscv_tb.rv.instruction[22]} {riscv_tb.rv.instruction[21]} {riscv_tb.rv.instruction[20]}}
gui_list_add -id Wave.1 -after [gui_list_get_insertion_bar -id Wave.1] EXP:immediate -insertionbar
gui_list_collapse -id  Wave.1   {riscv_tb.rv.instruction[31:0]}
gui_list_select -id Wave.1 -selected  { EXP:rd   }
gui_list_select -id Wave.1 -selected  { {riscv_tb.rv.alucmd[3:0]}   }
gui_list_set_selected_property -id Wave.1 -radix binary
gui_marker_move -id  Wave.1 C1 5
gui_marker_move -id  Wave.1 C1 5
gui_marker_move -id  Wave.1 C1 5
gui_list_select -id Wave.1 -selected  { {riscv_tb.rv.rddata[63:0]}   }
gui_marker_select -id  Wave.1 { C1 }
gui_close_window -window TopLevel.2
